2016-02-24T14:01:13,679Z [run-main-0] INFO  com.fullfacing.queue.MessageQueue - [32mSystem Property queue.file[37m: [34mnot found[0m
2016-02-24T14:01:13,682Z [run-main-0] INFO  com.fullfacing.queue.MessageQueue - [32mQueue config file used:[37m: [34mconf/queue.properties[0m
2016-02-24T14:01:13,694Z [run-main-0] ERROR CommunicationChannelLogger - [31mCommunicationChannel service failed: configuration problem while creating [akka://actorsystem/user/CommunicationChannelActor] with router dispatcher [akka.actor.default-dispatcher] and mailbox [akka.actor.default-mailbox] and routee dispatcher [akka.actor.default-dispatcher] and mailbox [akka.actor.default-mailbox][0m
akka.ConfigurationException: configuration problem while creating [akka://actorsystem/user/CommunicationChannelActor] with router dispatcher [akka.actor.default-dispatcher] and mailbox [akka.actor.default-mailbox] and routee dispatcher [akka.actor.default-dispatcher] and mailbox [akka.actor.default-mailbox]
	at akka.actor.LocalActorRefProvider.actorOf(ActorRefProvider.scala:795)
	at akka.actor.dungeon.Children$class.makeChild(Children.scala:273)
	at akka.actor.dungeon.Children$class.attachChild(Children.scala:46)
	at akka.actor.ActorCell.attachChild(ActorCell.scala:374)
	at akka.actor.ActorSystemImpl.actorOf(ActorSystem.scala:591)
	at com.fullfacing.communicationChannel.Main$.delayedEndpoint$com$fullfacing$communicationChannel$Main$1(Main.scala:47)
	at com.fullfacing.communicationChannel.Main$delayedInit$body.apply(Main.scala:34)
	at scala.Function0$class.apply$mcV$sp(Function0.scala:34)
	at scala.runtime.AbstractFunction0.apply$mcV$sp(AbstractFunction0.scala:12)
	at scala.App$$anonfun$main$1.apply(App.scala:76)
	at scala.App$$anonfun$main$1.apply(App.scala:76)
	at scala.collection.immutable.List.foreach(List.scala:381)
	at scala.collection.generic.TraversableForwarder$class.foreach(TraversableForwarder.scala:35)
	at scala.App$class.main(App.scala:76)
	at com.fullfacing.communicationChannel.Main$.main(Main.scala:34)
	at com.fullfacing.communicationChannel.Main.main(Main.scala)
	at sun.reflect.NativeMethodAccessorImpl.invoke0(Native Method)
	at sun.reflect.NativeMethodAccessorImpl.invoke(NativeMethodAccessorImpl.java:62)
	at sun.reflect.DelegatingMethodAccessorImpl.invoke(DelegatingMethodAccessorImpl.java:43)
	at java.lang.reflect.Method.invoke(Method.java:498)
	at sbt.Run.invokeMain(Run.scala:67)
	at sbt.Run.run0(Run.scala:61)
	at sbt.Run.sbt$Run$$execute$1(Run.scala:51)
	at sbt.Run$$anonfun$run$1.apply$mcV$sp(Run.scala:55)
	at sbt.Run$$anonfun$run$1.apply(Run.scala:55)
	at sbt.Run$$anonfun$run$1.apply(Run.scala:55)
	at sbt.Logger$$anon$4.apply(Logger.scala:85)
	at sbt.TrapExit$App.run(TrapExit.scala:248)
	at java.lang.Thread.run(Thread.java:745)
Caused by: akka.ConfigurationException: Configuration missing for router [akka://actorsystem/user/CommunicationChannelActor] in 'akka.actor.deployment' section.
	at akka.routing.FromConfig.verifyConfig(RouterConfig.scala:318)
	at akka.routing.RoutedActorRef.<init>(RoutedActorRef.scala:40)
	at akka.actor.LocalActorRefProvider.actorOf(ActorRefProvider.scala:793)
	... 28 common frames omitted
2016-02-25T07:25:04,647Z [run-main-0] INFO  com.fullfacing.queue.MessageQueue - [32mSystem Property queue.file[37m: [34mnot found[0m
2016-02-25T07:25:04,650Z [run-main-0] INFO  com.fullfacing.queue.MessageQueue - [32mQueue config file used:[37m: [34mconf/queue.properties[0m
2016-02-25T07:25:04,663Z [run-main-0] ERROR CommunicationChannelLogger - [31mCommunicationChannel service failed: configuration problem while creating [akka://actorsystem/user/CommunicationChannelActor] with router dispatcher [akka.actor.default-dispatcher] and mailbox [akka.actor.default-mailbox] and routee dispatcher [akka.actor.default-dispatcher] and mailbox [akka.actor.default-mailbox][0m
akka.ConfigurationException: configuration problem while creating [akka://actorsystem/user/CommunicationChannelActor] with router dispatcher [akka.actor.default-dispatcher] and mailbox [akka.actor.default-mailbox] and routee dispatcher [akka.actor.default-dispatcher] and mailbox [akka.actor.default-mailbox]
	at akka.actor.LocalActorRefProvider.actorOf(ActorRefProvider.scala:795)
	at akka.actor.dungeon.Children$class.makeChild(Children.scala:273)
	at akka.actor.dungeon.Children$class.attachChild(Children.scala:46)
	at akka.actor.ActorCell.attachChild(ActorCell.scala:374)
	at akka.actor.ActorSystemImpl.actorOf(ActorSystem.scala:591)
	at com.fullfacing.communicationChannel.Main$.delayedEndpoint$com$fullfacing$communicationChannel$Main$1(Main.scala:47)
	at com.fullfacing.communicationChannel.Main$delayedInit$body.apply(Main.scala:34)
	at scala.Function0$class.apply$mcV$sp(Function0.scala:34)
	at scala.runtime.AbstractFunction0.apply$mcV$sp(AbstractFunction0.scala:12)
	at scala.App$$anonfun$main$1.apply(App.scala:76)
	at scala.App$$anonfun$main$1.apply(App.scala:76)
	at scala.collection.immutable.List.foreach(List.scala:381)
	at scala.collection.generic.TraversableForwarder$class.foreach(TraversableForwarder.scala:35)
	at scala.App$class.main(App.scala:76)
	at com.fullfacing.communicationChannel.Main$.main(Main.scala:34)
	at com.fullfacing.communicationChannel.Main.main(Main.scala)
	at sun.reflect.NativeMethodAccessorImpl.invoke0(Native Method)
	at sun.reflect.NativeMethodAccessorImpl.invoke(NativeMethodAccessorImpl.java:62)
	at sun.reflect.DelegatingMethodAccessorImpl.invoke(DelegatingMethodAccessorImpl.java:43)
	at java.lang.reflect.Method.invoke(Method.java:498)
	at sbt.Run.invokeMain(Run.scala:67)
	at sbt.Run.run0(Run.scala:61)
	at sbt.Run.sbt$Run$$execute$1(Run.scala:51)
	at sbt.Run$$anonfun$run$1.apply$mcV$sp(Run.scala:55)
	at sbt.Run$$anonfun$run$1.apply(Run.scala:55)
	at sbt.Run$$anonfun$run$1.apply(Run.scala:55)
	at sbt.Logger$$anon$4.apply(Logger.scala:85)
	at sbt.TrapExit$App.run(TrapExit.scala:248)
	at java.lang.Thread.run(Thread.java:745)
Caused by: akka.ConfigurationException: Configuration missing for router [akka://actorsystem/user/CommunicationChannelActor] in 'akka.actor.deployment' section.
	at akka.routing.FromConfig.verifyConfig(RouterConfig.scala:318)
	at akka.routing.RoutedActorRef.<init>(RoutedActorRef.scala:40)
	at akka.actor.LocalActorRefProvider.actorOf(ActorRefProvider.scala:793)
	... 28 common frames omitted
